<?xml version="1.0" encoding="UTF-8"?>
<!-- Generated by org.testng.reporters.JUnitXMLReporter -->
<testsuite ignored="0" hostname="user1" failures="0" tests="6" name="Test" time="0.342" errors="0" timestamp="2020-03-24T17:35:03 IST">
  <testcase classname="ramya.Parallel2" name="testcase4" time="0.045"/>
  <testcase classname="ramya.Parallel1" name="testcase3" time="0.044"/>
  <testcase classname="ramya.Parallel1" name="testcase2" time="0.046"/>
  <testcase classname="ramya.Parallel1" name="testcase1" time="0.047"/>
  <testcase classname="ramya.Parallel2" name="testcase6" time="0.014"/>
  <testcase classname="ramya.Parallel2" name="testcase5" time="0.041"/>
</testsuite> <!-- Test -->
