<?xml version="1.0" encoding="UTF-8"?>
<testng-results ignored="0" total="6" passed="6" failed="0" skipped="0">
  <reporter-output>
  </reporter-output>
  <suite started-at="2020-03-24T17:35:03 IST" name="Suite" finished-at="2020-03-24T17:35:03 IST" duration-ms="342">
    <groups>
    </groups>
    <test started-at="2020-03-24T17:35:03 IST" name="Test" finished-at="2020-03-24T17:35:03 IST" duration-ms="342">
      <class name="ramya.Parallel2">
        <test-method signature="testcase4()[pri:0, instance:ramya.Parallel2@358ee631]" started-at="2020-03-24T17:35:03 IST" name="testcase4" finished-at="2020-03-24T17:35:03 IST" duration-ms="45" status="PASS">
          <reporter-output>
          </reporter-output>
        </test-method> <!-- testcase4 -->
        <test-method signature="testcase5()[pri:0, instance:ramya.Parallel2@358ee631]" started-at="2020-03-24T17:35:03 IST" name="testcase5" finished-at="2020-03-24T17:35:03 IST" duration-ms="41" status="PASS">
          <reporter-output>
          </reporter-output>
        </test-method> <!-- testcase5 -->
        <test-method signature="testcase6()[pri:0, instance:ramya.Parallel2@358ee631]" started-at="2020-03-24T17:35:03 IST" name="testcase6" finished-at="2020-03-24T17:35:03 IST" duration-ms="14" status="PASS">
          <reporter-output>
          </reporter-output>
        </test-method> <!-- testcase6 -->
      </class> <!-- ramya.Parallel2 -->
      <class name="ramya.Parallel1">
        <test-method signature="testcase2()[pri:0, instance:ramya.Parallel1@233fe9b6]" started-at="2020-03-24T17:35:03 IST" name="testcase2" finished-at="2020-03-24T17:35:03 IST" duration-ms="46" status="PASS">
          <reporter-output>
          </reporter-output>
        </test-method> <!-- testcase2 -->
        <test-method signature="testcase1()[pri:0, instance:ramya.Parallel1@233fe9b6]" started-at="2020-03-24T17:35:03 IST" name="testcase1" finished-at="2020-03-24T17:35:03 IST" duration-ms="47" status="PASS">
          <reporter-output>
          </reporter-output>
        </test-method> <!-- testcase1 -->
        <test-method signature="testcase3()[pri:0, instance:ramya.Parallel1@233fe9b6]" started-at="2020-03-24T17:35:03 IST" name="testcase3" finished-at="2020-03-24T17:35:03 IST" duration-ms="44" status="PASS">
          <reporter-output>
          </reporter-output>
        </test-method> <!-- testcase3 -->
      </class> <!-- ramya.Parallel1 -->
    </test> <!-- Test -->
  </suite> <!-- Suite -->
</testng-results>
